INFO 2022-10-22 16:27:46,645 django.utils.autoreload MainThread 3908 I:\django\gfvp\gfvp_env\lib\site-packages\django\utils\autoreload.py 643 run_with_reloader 15348 Watching for file changes with StatReloader
INFO 2022-10-22 16:28:38,526 django.server Thread-1 4136 I:\django\gfvp\gfvp_env\lib\site-packages\django\core\servers\basehttp.py 179 log_message 15348 "GET / HTTP/1.1" 200 54443
INFO 2022-10-22 16:28:38,802 django.server Thread-1 4136 I:\django\gfvp\gfvp_env\lib\site-packages\django\core\servers\basehttp.py 179 log_message 15348 "GET /static/css/common.css HTTP/1.1" 304 0
INFO 2022-10-22 16:28:38,946 django.server Thread-2 256 I:\django\gfvp\gfvp_env\lib\site-packages\django\core\servers\basehttp.py 179 log_message 15348 "GET /static/assets/vendor/%40popperjs/core/dist/umd/popper.min.js HTTP/1.1" 200 18835
INFO 2022-10-22 16:28:38,985 django.server Thread-1 4136 I:\django\gfvp\gfvp_env\lib\site-packages\django\core\servers\basehttp.py 179 log_message 15348 "GET /static/assets/vendor/bootstrap/dist/js/bootstrap.bundle.min.js HTTP/1.1" 200 78420
INFO 2022-10-22 16:28:39,190 django.server Thread-1 4136 I:\django\gfvp\gfvp_env\lib\site-packages\django\core\servers\basehttp.py 179 log_message 15348 "GET /static/assets/vendor/chartist/dist/chartist.min.js HTTP/1.1" 200 40312
INFO 2022-10-22 16:28:39,193 django.server Thread-2 256 I:\django\gfvp\gfvp_env\lib\site-packages\django\core\servers\basehttp.py 179 log_message 15348 "GET /static/assets/vendor/jquery/jquery.min.js HTTP/1.1" 200 86927
INFO 2022-10-22 16:28:39,345 django.server Thread-1 4136 I:\django\gfvp\gfvp_env\lib\site-packages\django\core\servers\basehttp.py 179 log_message 15348 "GET /static/assets/vendor/chartist-plugin-tooltips/dist/chartist-plugin-tooltip.min.js HTTP/1.1" 200 2977
INFO 2022-10-22 16:28:39,446 django.server Thread-2 256 I:\django\gfvp\gfvp_env\lib\site-packages\django\core\servers\basehttp.py 179 log_message 15348 "GET /static/assets/vendor/vanillajs-datepicker/dist/js/datepicker.min.js HTTP/1.1" 200 31587
INFO 2022-10-22 16:28:39,452 django.server Thread-1 4136 I:\django\gfvp\gfvp_env\lib\site-packages\django\core\servers\basehttp.py 179 log_message 15348 "GET /static/assets/js/volt.js HTTP/1.1" 200 13782
INFO 2022-10-22 16:28:39,797 django.server Thread-2 256 I:\django\gfvp\gfvp_env\lib\site-packages\django\core\servers\basehttp.py 179 log_message 15348 "GET /static/new_logo.png HTTP/1.1" 200 113487
INFO 2022-10-22 16:28:39,803 django.server Thread-1 4136 I:\django\gfvp\gfvp_env\lib\site-packages\django\core\servers\basehttp.py 179 log_message 15348 "GET /static/upload/site_image/gf_Artboard_12x.png HTTP/1.1" 200 26091
INFO 2022-10-22 16:28:39,940 django.server Thread-1 4136 I:\django\gfvp\gfvp_env\lib\site-packages\django\core\servers\basehttp.py 179 log_message 15348 "GET /static/assets/shippinglab-logo.svg HTTP/1.1" 200 10323
INFO 2022-10-22 16:28:46,312 django.server Thread-1 4136 I:\django\gfvp\gfvp_env\lib\site-packages\django\core\servers\basehttp.py 179 log_message 15348 "GET /upload/usertype/maniren.png HTTP/1.1" 200 53719
INFO 2022-10-22 16:28:46,453 django.server Thread-2 256 I:\django\gfvp\gfvp_env\lib\site-packages\django\core\servers\basehttp.py 179 log_message 15348 "GET /upload/usertype/biodiesel.png HTTP/1.1" 200 11536
INFO 2022-10-22 16:28:46,592 django.server Thread-3 18384 I:\django\gfvp\gfvp_env\lib\site-packages\django\core\servers\basehttp.py 179 log_message 15348 "GET /upload/usertype/lab-scientist-icon.png HTTP/1.1" 200 78374
INFO 2022-10-22 16:28:52,241 django.server Thread-1 4136 I:\django\gfvp\gfvp_env\lib\site-packages\django\core\servers\basehttp.py 179 log_message 15348 "GET /upload/usertype/5b1f9062e36e1_thumb900_baBsHBO.png HTTP/1.1" 200 72271
INFO 2022-10-22 16:28:52,741 django.server Thread-2 256 I:\django\gfvp\gfvp_env\lib\site-packages\django\core\servers\basehttp.py 179 log_message 15348 "GET /upload/featured_image/2022/09/12/hole..PNG HTTP/1.1" 200 68359
INFO 2022-10-22 16:28:52,786 django.server Thread-3 18384 I:\django\gfvp\gfvp_env\lib\site-packages\django\core\servers\basehttp.py 179 log_message 15348 "GET /upload/featured_image/2022/09/08/H.png HTTP/1.1" 200 9481
INFO 2022-10-22 16:28:52,805 django.server Thread-2 256 I:\django\gfvp\gfvp_env\lib\site-packages\django\core\servers\basehttp.py 179 log_message 15348 "GET /static/guide/logo-02.png HTTP/1.1" 200 3890
INFO 2022-10-22 16:28:54,402 django.server Thread-1 4136 I:\django\gfvp\gfvp_env\lib\site-packages\django\core\servers\basehttp.py 179 log_message 15348 "GET /upload/featured_image/2022/07/30/OpenCart-Logo.wine.png HTTP/1.1" 200 31367
INFO 2022-10-22 16:28:57,875 django.server Thread-1 4136 I:\django\gfvp\gfvp_env\lib\site-packages\django\core\servers\basehttp.py 179 log_message 15348 "GET /upload/site_image/gf_Artboard_1.png HTTP/1.1" 200 11956
INFO 2022-10-22 16:28:58,326 django.server Thread-4 9040 I:\django\gfvp\gfvp_env\lib\site-packages\django\core\servers\basehttp.py 179 log_message 15348 "GET /seo/webmanifest/ HTTP/1.1" 200 651
INFO 2022-10-22 16:29:20,485 django.server Thread-1 4136 I:\django\gfvp\gfvp_env\lib\site-packages\django\core\servers\basehttp.py 179 log_message 15348 "GET /accounts/admin HTTP/1.1" 200 86028
INFO 2022-10-22 16:29:20,888 django.server Thread-1 4136 I:\django\gfvp\gfvp_env\lib\site-packages\django\core\servers\basehttp.py 179 log_message 15348 "GET /static/long_logo.png HTTP/1.1" 200 104665
INFO 2022-10-22 16:29:23,815 django.server Thread-4 9040 I:\django\gfvp\gfvp_env\lib\site-packages\django\core\servers\basehttp.py 179 log_message 15348 "GET /seo/webmanifest/ HTTP/1.1" 200 651
INFO 2022-10-22 16:29:26,678 django.server Thread-2 256 I:\django\gfvp\gfvp_env\lib\site-packages\django\core\servers\basehttp.py 179 log_message 15348 "GET /accounts/admin HTTP/1.1" 200 86024
INFO 2022-10-22 16:29:28,432 django.server Thread-4 9040 I:\django\gfvp\gfvp_env\lib\site-packages\django\core\servers\basehttp.py 179 log_message 15348 "GET /seo/webmanifest/ HTTP/1.1" 200 651
INFO 2022-10-22 16:30:58,359 django.server Thread-4 9040 I:\django\gfvp\gfvp_env\lib\site-packages\django\core\servers\basehttp.py 179 log_message 15348 "GET /seo/webmanifest/ HTTP/1.1" 200 651
WARNING 2022-10-22 16:30:58,508 django.server Thread-2 256 I:\django\gfvp\gfvp_env\lib\site-packages\django\core\servers\basehttp.py 179 log_message 15348 "GET /static/assets/css/volt.css.map HTTP/1.1" 404 1929
INFO 2022-10-25 22:06:39,189 django.utils.autoreload MainThread 13548 I:\django\gfvp\gfvp_env\lib\site-packages\django\utils\autoreload.py 643 run_with_reloader 21024 Watching for file changes with StatReloader
INFO 2022-10-26 15:20:35,360 django.utils.autoreload MainThread 13548 I:\django\gfvp\gfvp_env\lib\site-packages\django\utils\autoreload.py 257 trigger_reload 21024 I:\django\gfvp\evaluation\admin.py changed, reloading.
INFO 2022-10-26 15:21:15,537 django.utils.autoreload MainThread 15068 I:\django\gfvp\gfvp_env\lib\site-packages\django\utils\autoreload.py 643 run_with_reloader 22680 Watching for file changes with StatReloader
INFO 2022-10-26 15:23:24,909 django.utils.autoreload MainThread 15068 I:\django\gfvp\gfvp_env\lib\site-packages\django\utils\autoreload.py 257 trigger_reload 22680 I:\django\gfvp\evaluation\models.py changed, reloading.
INFO 2022-10-26 15:23:25,873 django.utils.autoreload MainThread 9936 I:\django\gfvp\gfvp_env\lib\site-packages\django\utils\autoreload.py 643 run_with_reloader 16308 Watching for file changes with StatReloader
INFO 2022-10-26 15:49:03,570 django.utils.autoreload MainThread 9936 I:\django\gfvp\gfvp_env\lib\site-packages\django\utils\autoreload.py 257 trigger_reload 16308 I:\django\gfvp\evaluation\models.py changed, reloading.
INFO 2022-10-26 15:49:05,982 django.utils.autoreload MainThread 20888 I:\django\gfvp\gfvp_env\lib\site-packages\django\utils\autoreload.py 643 run_with_reloader 10500 Watching for file changes with StatReloader
INFO 2022-10-26 15:49:29,434 django.utils.autoreload MainThread 20888 I:\django\gfvp\gfvp_env\lib\site-packages\django\utils\autoreload.py 257 trigger_reload 10500 I:\django\gfvp\doc\models.py changed, reloading.
INFO 2022-10-26 15:49:31,874 django.utils.autoreload MainThread 6304 I:\django\gfvp\gfvp_env\lib\site-packages\django\utils\autoreload.py 643 run_with_reloader 5844 Watching for file changes with StatReloader
INFO 2022-10-26 15:52:46,358 django.utils.autoreload MainThread 6304 I:\django\gfvp\gfvp_env\lib\site-packages\django\utils\autoreload.py 257 trigger_reload 5844 I:\django\gfvp\doc\models.py changed, reloading.
INFO 2022-10-26 15:52:48,050 django.utils.autoreload MainThread 14388 I:\django\gfvp\gfvp_env\lib\site-packages\django\utils\autoreload.py 643 run_with_reloader 13616 Watching for file changes with StatReloader
INFO 2022-10-26 15:58:25,191 django.server Thread-1 6756 I:\django\gfvp\gfvp_env\lib\site-packages\django\core\servers\basehttp.py 179 log_message 13616 "GET / HTTP/1.1" 200 56094
INFO 2022-10-26 15:58:25,441 django.server Thread-5 19580 I:\django\gfvp\gfvp_env\lib\site-packages\django\core\servers\basehttp.py 179 log_message 13616 "GET /static/css/common.css HTTP/1.1" 304 0
INFO 2022-10-26 15:58:25,472 django.server Thread-1 6756 I:\django\gfvp\gfvp_env\lib\site-packages\django\core\servers\basehttp.py 179 log_message 13616 "GET /static/assets/vendor/%40popperjs/core/dist/umd/popper.min.js HTTP/1.1" 200 18835
INFO 2022-10-26 15:58:25,499 django.server Thread-2 23008 I:\django\gfvp\gfvp_env\lib\site-packages\django\core\servers\basehttp.py 179 log_message 13616 "GET /static/assets/vendor/bootstrap/dist/js/bootstrap.bundle.min.js HTTP/1.1" 200 78420
INFO 2022-10-26 15:58:25,507 django.server Thread-4 14228 I:\django\gfvp\gfvp_env\lib\site-packages\django\core\servers\basehttp.py 179 log_message 13616 "GET /static/assets/vendor/chartist/dist/chartist.min.js HTTP/1.1" 200 40312
INFO 2022-10-26 15:58:25,519 django.server Thread-3 16808 I:\django\gfvp\gfvp_env\lib\site-packages\django\core\servers\basehttp.py 179 log_message 13616 "GET /static/assets/vendor/jquery/jquery.min.js HTTP/1.1" 200 86927
INFO 2022-10-26 15:58:25,992 django.server Thread-6 20540 I:\django\gfvp\gfvp_env\lib\site-packages\django\core\servers\basehttp.py 179 log_message 13616 "GET /static/assets/css/volt.css HTTP/1.1" 304 0
INFO 2022-10-26 15:58:26,068 django.server Thread-2 23008 I:\django\gfvp\gfvp_env\lib\site-packages\django\core\servers\basehttp.py 179 log_message 13616 "GET /static/assets/vendor/vanillajs-datepicker/dist/js/datepicker.min.js HTTP/1.1" 200 31587
INFO 2022-10-26 15:58:26,070 django.server Thread-5 19580 I:\django\gfvp\gfvp_env\lib\site-packages\django\core\servers\basehttp.py 179 log_message 13616 "GET /static/new_logo.png HTTP/1.1" 200 113487
INFO 2022-10-26 15:58:26,077 django.server Thread-1 6756 I:\django\gfvp\gfvp_env\lib\site-packages\django\core\servers\basehttp.py 179 log_message 13616 "GET /static/upload/site_image/gf_Artboard_12x.png HTTP/1.1" 200 26091
INFO 2022-10-26 15:58:26,087 django.server Thread-4 14228 I:\django\gfvp\gfvp_env\lib\site-packages\django\core\servers\basehttp.py 179 log_message 13616 "GET /static/assets/vendor/chartist-plugin-tooltips/dist/chartist-plugin-tooltip.min.js HTTP/1.1" 200 2977
INFO 2022-10-26 15:58:26,095 django.server Thread-3 16808 I:\django\gfvp\gfvp_env\lib\site-packages\django\core\servers\basehttp.py 179 log_message 13616 "GET /static/assets/js/volt.js HTTP/1.1" 200 13782
INFO 2022-10-26 15:58:26,289 django.server Thread-3 16808 I:\django\gfvp\gfvp_env\lib\site-packages\django\core\servers\basehttp.py 179 log_message 13616 "GET /static/assets/shippinglab-logo.svg HTTP/1.1" 200 10323
INFO 2022-10-26 15:58:26,337 django.server Thread-6 20540 I:\django\gfvp\gfvp_env\lib\site-packages\django\core\servers\basehttp.py 179 log_message 13616 "GET /static/upload/featured_image/2022/09/12/hole..PNG HTTP/1.1" 200 68359
INFO 2022-10-26 15:58:26,921 django.server Thread-3 16808 I:\django\gfvp\gfvp_env\lib\site-packages\django\core\servers\basehttp.py 179 log_message 13616 "GET /static/upload/featured_image/2022/09/08/H.png HTTP/1.1" 200 9481
INFO 2022-10-26 15:58:26,942 django.server Thread-6 20540 I:\django\gfvp\gfvp_env\lib\site-packages\django\core\servers\basehttp.py 179 log_message 13616 "GET /static/upload/featured_image/2022/07/30/OpenCart-Logo.wine.png HTTP/1.1" 200 31367
INFO 2022-10-26 15:58:27,089 django.server Thread-3 16808 I:\django\gfvp\gfvp_env\lib\site-packages\django\core\servers\basehttp.py 179 log_message 13616 "GET /static/guide/logo-02.png HTTP/1.1" 200 3890
INFO 2022-10-26 15:58:34,350 django.server Thread-4 14228 I:\django\gfvp\gfvp_env\lib\site-packages\django\core\servers\basehttp.py 179 log_message 13616 "GET /upload/usertype/biodiesel.png HTTP/1.1" 200 11536
INFO 2022-10-26 15:58:34,426 django.server Thread-5 19580 I:\django\gfvp\gfvp_env\lib\site-packages\django\core\servers\basehttp.py 179 log_message 13616 "GET /upload/usertype/maniren.png HTTP/1.1" 200 53719
INFO 2022-10-26 15:58:34,437 django.server Thread-2 23008 I:\django\gfvp\gfvp_env\lib\site-packages\django\core\servers\basehttp.py 179 log_message 13616 "GET /upload/usertype/5b1f9062e36e1_thumb900_baBsHBO.png HTTP/1.1" 200 72271
INFO 2022-10-26 15:58:34,477 django.server Thread-1 6756 I:\django\gfvp\gfvp_env\lib\site-packages\django\core\servers\basehttp.py 179 log_message 13616 "GET /upload/usertype/lab-scientist-icon.png HTTP/1.1" 200 78374
INFO 2022-10-26 15:58:36,248 django.server Thread-7 21876 I:\django\gfvp\gfvp_env\lib\site-packages\django\core\servers\basehttp.py 179 log_message 13616 "GET /seo/webmanifest/ HTTP/1.1" 200 651
INFO 2022-10-26 15:58:37,913 django.server Thread-1 6756 I:\django\gfvp\gfvp_env\lib\site-packages\django\core\servers\basehttp.py 179 log_message 13616 "GET /upload/site_image/gf_Artboard_14x.png HTTP/1.1" 200 59124
INFO 2022-10-26 15:59:40,006 django.server Thread-1 6756 I:\django\gfvp\gfvp_env\lib\site-packages\django\core\servers\basehttp.py 179 log_message 13616 "GET / HTTP/1.1" 200 55109
INFO 2022-10-26 15:59:44,413 django.server Thread-1 6756 I:\django\gfvp\gfvp_env\lib\site-packages\django\core\servers\basehttp.py 179 log_message 13616 "GET /upload/site_image/gf_Artboard_1.png HTTP/1.1" 200 11956
INFO 2022-10-26 15:59:44,427 django.server Thread-7 21876 I:\django\gfvp\gfvp_env\lib\site-packages\django\core\servers\basehttp.py 179 log_message 13616 "GET /seo/webmanifest/ HTTP/1.1" 200 651
INFO 2022-10-26 16:08:52,838 django.server Thread-8 8392 I:\django\gfvp\gfvp_env\lib\site-packages\django\core\servers\basehttp.py 179 log_message 13616 "GET / HTTP/1.1" 200 55149
INFO 2022-10-26 16:08:55,912 django.server Thread-10 12036 I:\django\gfvp\gfvp_env\lib\site-packages\django\core\servers\basehttp.py 179 log_message 13616 "GET /seo/webmanifest/ HTTP/1.1" 200 651
INFO 2022-10-26 16:11:37,827 django.server Thread-11 20320 I:\django\gfvp\gfvp_env\lib\site-packages\django\core\servers\basehttp.py 179 log_message 13616 "GET / HTTP/1.1" 200 55378
INFO 2022-10-26 16:11:41,269 django.server Thread-13 21984 I:\django\gfvp\gfvp_env\lib\site-packages\django\core\servers\basehttp.py 179 log_message 13616 "GET /seo/webmanifest/ HTTP/1.1" 200 651
INFO 2022-10-26 16:15:19,445 django.server Thread-14 16676 I:\django\gfvp\gfvp_env\lib\site-packages\django\core\servers\basehttp.py 179 log_message 13616 "GET / HTTP/1.1" 200 55553
INFO 2022-10-26 16:15:23,176 django.server Thread-16 2392 I:\django\gfvp\gfvp_env\lib\site-packages\django\core\servers\basehttp.py 179 log_message 13616 "GET /seo/webmanifest/ HTTP/1.1" 200 651
INFO 2022-10-26 16:17:03,796 django.server Thread-17 21940 I:\django\gfvp\gfvp_env\lib\site-packages\django\core\servers\basehttp.py 179 log_message 13616 "GET / HTTP/1.1" 200 55622
INFO 2022-10-26 16:17:07,234 django.server Thread-19 22812 I:\django\gfvp\gfvp_env\lib\site-packages\django\core\servers\basehttp.py 179 log_message 13616 "GET /seo/webmanifest/ HTTP/1.1" 200 651
INFO 2022-10-26 16:18:47,512 django.server Thread-20 20092 I:\django\gfvp\gfvp_env\lib\site-packages\django\core\servers\basehttp.py 179 log_message 13616 "GET / HTTP/1.1" 200 55646
INFO 2022-10-26 16:18:51,294 django.server Thread-22 16924 I:\django\gfvp\gfvp_env\lib\site-packages\django\core\servers\basehttp.py 179 log_message 13616 "GET /seo/webmanifest/ HTTP/1.1" 200 651
INFO 2022-10-26 16:19:34,382 django.server Thread-23 12836 I:\django\gfvp\gfvp_env\lib\site-packages\django\core\servers\basehttp.py 179 log_message 13616 "GET / HTTP/1.1" 200 55670
INFO 2022-10-26 16:19:37,626 django.server Thread-25 20808 I:\django\gfvp\gfvp_env\lib\site-packages\django\core\servers\basehttp.py 179 log_message 13616 "GET /seo/webmanifest/ HTTP/1.1" 200 651
INFO 2022-10-26 16:21:06,902 django.server Thread-26 21952 I:\django\gfvp\gfvp_env\lib\site-packages\django\core\servers\basehttp.py 179 log_message 13616 "GET / HTTP/1.1" 200 55664
INFO 2022-10-26 16:21:10,287 django.server Thread-28 11968 I:\django\gfvp\gfvp_env\lib\site-packages\django\core\servers\basehttp.py 179 log_message 13616 "GET /seo/webmanifest/ HTTP/1.1" 200 651
INFO 2022-10-26 16:21:32,288 django.server Thread-29 8836 I:\django\gfvp\gfvp_env\lib\site-packages\django\core\servers\basehttp.py 179 log_message 13616 "GET / HTTP/1.1" 200 55672
INFO 2022-10-26 16:21:36,194 django.server Thread-31 13940 I:\django\gfvp\gfvp_env\lib\site-packages\django\core\servers\basehttp.py 179 log_message 13616 "GET /seo/webmanifest/ HTTP/1.1" 200 651
INFO 2022-10-26 16:21:45,369 django.server Thread-32 20308 I:\django\gfvp\gfvp_env\lib\site-packages\django\core\servers\basehttp.py 179 log_message 13616 "GET / HTTP/1.1" 200 55680
INFO 2022-10-26 16:21:48,877 django.server Thread-34 12244 I:\django\gfvp\gfvp_env\lib\site-packages\django\core\servers\basehttp.py 179 log_message 13616 "GET /seo/webmanifest/ HTTP/1.1" 200 651
INFO 2022-10-26 16:27:08,465 django.server Thread-35 21656 I:\django\gfvp\gfvp_env\lib\site-packages\django\core\servers\basehttp.py 179 log_message 13616 "GET / HTTP/1.1" 200 55689
INFO 2022-10-26 16:27:13,101 django.server Thread-37 13064 I:\django\gfvp\gfvp_env\lib\site-packages\django\core\servers\basehttp.py 179 log_message 13616 "GET /seo/webmanifest/ HTTP/1.1" 200 651
INFO 2022-10-26 16:29:52,077 django.server Thread-35 21656 I:\django\gfvp\gfvp_env\lib\site-packages\django\core\servers\basehttp.py 179 log_message 13616 "GET / HTTP/1.1" 200 55692
INFO 2022-10-26 16:29:55,565 django.server Thread-37 13064 I:\django\gfvp\gfvp_env\lib\site-packages\django\core\servers\basehttp.py 179 log_message 13616 "GET /seo/webmanifest/ HTTP/1.1" 200 651
INFO 2022-10-26 16:30:03,587 django.server Thread-35 21656 I:\django\gfvp\gfvp_env\lib\site-packages\django\core\servers\basehttp.py 179 log_message 13616 "GET / HTTP/1.1" 200 55692
INFO 2022-10-26 16:30:07,024 django.server Thread-37 13064 I:\django\gfvp\gfvp_env\lib\site-packages\django\core\servers\basehttp.py 179 log_message 13616 "GET /seo/webmanifest/ HTTP/1.1" 200 651
INFO 2022-10-26 16:30:36,187 django.server Thread-37 13064 I:\django\gfvp\gfvp_env\lib\site-packages\django\core\servers\basehttp.py 179 log_message 13616 "GET /seo/webmanifest/ HTTP/1.1" 200 651
WARNING 2022-10-26 16:30:36,277 django.server Thread-35 21656 I:\django\gfvp\gfvp_env\lib\site-packages\django\core\servers\basehttp.py 179 log_message 13616 "GET /static/assets/css/volt.css.map HTTP/1.1" 404 1929
INFO 2022-10-26 16:31:07,698 django.server Thread-40 7328 I:\django\gfvp\gfvp_env\lib\site-packages\django\core\servers\basehttp.py 179 log_message 13616 "GET / HTTP/1.1" 200 55689
WARNING 2022-10-26 16:31:08,034 django.server Thread-40 7328 I:\django\gfvp\gfvp_env\lib\site-packages\django\core\servers\basehttp.py 179 log_message 13616 "GET /static/assets/css/volt.css.map HTTP/1.1" 404 1929
INFO 2022-10-26 16:31:12,377 django.server Thread-37 13064 I:\django\gfvp\gfvp_env\lib\site-packages\django\core\servers\basehttp.py 179 log_message 13616 "GET /seo/webmanifest/ HTTP/1.1" 200 651
INFO 2022-10-26 16:32:37,600 django.server Thread-41 13428 I:\django\gfvp\gfvp_env\lib\site-packages\django\core\servers\basehttp.py 179 log_message 13616 "GET / HTTP/1.1" 200 55770
WARNING 2022-10-26 16:32:37,756 django.server Thread-42 10996 I:\django\gfvp\gfvp_env\lib\site-packages\django\core\servers\basehttp.py 179 log_message 13616 "GET /static/assets/css/volt.css.map HTTP/1.1" 404 1929
INFO 2022-10-26 16:32:41,713 django.server Thread-37 13064 I:\django\gfvp\gfvp_env\lib\site-packages\django\core\servers\basehttp.py 179 log_message 13616 "GET /seo/webmanifest/ HTTP/1.1" 200 651
INFO 2022-10-26 16:33:14,138 django.server Thread-41 13428 I:\django\gfvp\gfvp_env\lib\site-packages\django\core\servers\basehttp.py 179 log_message 13616 "GET / HTTP/1.1" 200 55807
WARNING 2022-10-26 16:33:14,267 django.server Thread-43 1248 I:\django\gfvp\gfvp_env\lib\site-packages\django\core\servers\basehttp.py 179 log_message 13616 "GET /static/assets/css/volt.css.map HTTP/1.1" 404 1929
INFO 2022-10-26 16:33:18,178 django.server Thread-37 13064 I:\django\gfvp\gfvp_env\lib\site-packages\django\core\servers\basehttp.py 179 log_message 13616 "GET /seo/webmanifest/ HTTP/1.1" 200 651
INFO 2022-10-26 16:33:40,591 django.server Thread-41 13428 I:\django\gfvp\gfvp_env\lib\site-packages\django\core\servers\basehttp.py 179 log_message 13616 "GET / HTTP/1.1" 200 55771
INFO 2022-10-26 16:33:44,043 django.server Thread-37 13064 I:\django\gfvp\gfvp_env\lib\site-packages\django\core\servers\basehttp.py 179 log_message 13616 "GET /seo/webmanifest/ HTTP/1.1" 200 651
INFO 2022-10-26 16:33:52,900 django.server Thread-37 13064 I:\django\gfvp\gfvp_env\lib\site-packages\django\core\servers\basehttp.py 179 log_message 13616 "GET /seo/webmanifest/ HTTP/1.1" 200 651
WARNING 2022-10-26 16:33:52,939 django.server Thread-41 13428 I:\django\gfvp\gfvp_env\lib\site-packages\django\core\servers\basehttp.py 179 log_message 13616 "GET /static/assets/css/volt.css.map HTTP/1.1" 404 1929
INFO 2022-10-26 16:35:10,008 django.server Thread-45 13628 I:\django\gfvp\gfvp_env\lib\site-packages\django\core\servers\basehttp.py 179 log_message 13616 "GET / HTTP/1.1" 200 55776
WARNING 2022-10-26 16:35:10,155 django.server Thread-46 15196 I:\django\gfvp\gfvp_env\lib\site-packages\django\core\servers\basehttp.py 179 log_message 13616 "GET /static/assets/css/volt.css.map HTTP/1.1" 404 1929
INFO 2022-10-26 16:35:14,198 django.server Thread-37 13064 I:\django\gfvp\gfvp_env\lib\site-packages\django\core\servers\basehttp.py 179 log_message 13616 "GET /seo/webmanifest/ HTTP/1.1" 200 651
INFO 2022-10-26 16:36:19,598 django.server Thread-45 13628 I:\django\gfvp\gfvp_env\lib\site-packages\django\core\servers\basehttp.py 179 log_message 13616 "GET / HTTP/1.1" 200 55784
WARNING 2022-10-26 16:36:19,748 django.server Thread-47 19432 I:\django\gfvp\gfvp_env\lib\site-packages\django\core\servers\basehttp.py 179 log_message 13616 "GET /static/assets/css/volt.css.map HTTP/1.1" 404 1929
INFO 2022-10-26 16:36:23,750 django.server Thread-37 13064 I:\django\gfvp\gfvp_env\lib\site-packages\django\core\servers\basehttp.py 179 log_message 13616 "GET /seo/webmanifest/ HTTP/1.1" 200 651
INFO 2022-10-26 16:37:25,280 django.server Thread-45 13628 I:\django\gfvp\gfvp_env\lib\site-packages\django\core\servers\basehttp.py 179 log_message 13616 "GET / HTTP/1.1" 200 55782
INFO 2022-10-26 16:37:27,839 django.server Thread-37 13064 I:\django\gfvp\gfvp_env\lib\site-packages\django\core\servers\basehttp.py 179 log_message 13616 "GET /seo/webmanifest/ HTTP/1.1" 200 651
INFO 2022-10-26 16:37:31,635 django.server Thread-45 13628 I:\django\gfvp\gfvp_env\lib\site-packages\django\core\servers\basehttp.py 179 log_message 13616 "GET / HTTP/1.1" 200 55782
INFO 2022-10-26 16:37:34,080 django.server Thread-37 13064 I:\django\gfvp\gfvp_env\lib\site-packages\django\core\servers\basehttp.py 179 log_message 13616 "GET /seo/webmanifest/ HTTP/1.1" 200 651
INFO 2022-10-26 16:37:52,494 django.server Thread-45 13628 I:\django\gfvp\gfvp_env\lib\site-packages\django\core\servers\basehttp.py 179 log_message 13616 "GET / HTTP/1.1" 200 55786
INFO 2022-10-26 16:37:54,820 django.server Thread-37 13064 I:\django\gfvp\gfvp_env\lib\site-packages\django\core\servers\basehttp.py 179 log_message 13616 "GET /seo/webmanifest/ HTTP/1.1" 200 651
INFO 2022-10-26 16:38:20,413 django.server Thread-45 13628 I:\django\gfvp\gfvp_env\lib\site-packages\django\core\servers\basehttp.py 179 log_message 13616 "GET / HTTP/1.1" 200 55788
INFO 2022-10-26 16:38:22,751 django.server Thread-37 13064 I:\django\gfvp\gfvp_env\lib\site-packages\django\core\servers\basehttp.py 179 log_message 13616 "GET /seo/webmanifest/ HTTP/1.1" 200 651
INFO 2022-10-26 16:40:09,876 django.server Thread-45 13628 I:\django\gfvp\gfvp_env\lib\site-packages\django\core\servers\basehttp.py 179 log_message 13616 "GET / HTTP/1.1" 200 55771
INFO 2022-10-26 16:40:12,570 django.server Thread-37 13064 I:\django\gfvp\gfvp_env\lib\site-packages\django\core\servers\basehttp.py 179 log_message 13616 "GET /seo/webmanifest/ HTTP/1.1" 200 651
INFO 2022-10-26 16:40:16,730 django.server Thread-45 13628 I:\django\gfvp\gfvp_env\lib\site-packages\django\core\servers\basehttp.py 179 log_message 13616 "GET / HTTP/1.1" 200 55771
INFO 2022-10-26 16:40:19,103 django.server Thread-37 13064 I:\django\gfvp\gfvp_env\lib\site-packages\django\core\servers\basehttp.py 179 log_message 13616 "GET /seo/webmanifest/ HTTP/1.1" 200 651
INFO 2022-10-26 16:40:27,261 django.server Thread-45 13628 I:\django\gfvp\gfvp_env\lib\site-packages\django\core\servers\basehttp.py 179 log_message 13616 "GET / HTTP/1.1" 200 55785
INFO 2022-10-26 16:40:29,586 django.server Thread-37 13064 I:\django\gfvp\gfvp_env\lib\site-packages\django\core\servers\basehttp.py 179 log_message 13616 "GET /seo/webmanifest/ HTTP/1.1" 200 651
INFO 2022-10-26 16:41:04,376 django.server Thread-37 13064 I:\django\gfvp\gfvp_env\lib\site-packages\django\core\servers\basehttp.py 179 log_message 13616 "GET /seo/webmanifest/ HTTP/1.1" 200 651
WARNING 2022-10-26 16:41:04,429 django.server Thread-45 13628 I:\django\gfvp\gfvp_env\lib\site-packages\django\core\servers\basehttp.py 179 log_message 13616 "GET /static/assets/css/volt.css.map HTTP/1.1" 404 1929
INFO 2022-10-26 16:41:46,174 django.server Thread-50 10500 I:\django\gfvp\gfvp_env\lib\site-packages\django\core\servers\basehttp.py 179 log_message 13616 "GET / HTTP/1.1" 200 55775
INFO 2022-10-26 16:41:46,255 django.server Thread-51 6552 I:\django\gfvp\gfvp_env\lib\site-packages\django\core\servers\basehttp.py 179 log_message 13616 "GET /static/css/common.css HTTP/1.1" 200 3674
INFO 2022-10-26 16:41:46,283 django.server Thread-51 6552 I:\django\gfvp\gfvp_env\lib\site-packages\django\core\servers\basehttp.py 179 log_message 13616 "GET /static/assets/vendor/%40popperjs/core/dist/umd/popper.min.js HTTP/1.1" 200 18835
INFO 2022-10-26 16:41:46,301 django.server Thread-52 16508 I:\django\gfvp\gfvp_env\lib\site-packages\django\core\servers\basehttp.py 179 log_message 13616 "GET /static/assets/vendor/bootstrap/dist/js/bootstrap.bundle.min.js HTTP/1.1" 200 78420
INFO 2022-10-26 16:41:46,305 django.server Thread-51 6552 I:\django\gfvp\gfvp_env\lib\site-packages\django\core\servers\basehttp.py 179 log_message 13616 "GET /static/assets/vendor/vanillajs-datepicker/dist/js/datepicker.min.js HTTP/1.1" 200 31587
INFO 2022-10-26 16:41:46,309 django.server Thread-53 15992 I:\django\gfvp\gfvp_env\lib\site-packages\django\core\servers\basehttp.py 179 log_message 13616 "GET /static/assets/vendor/jquery/jquery.min.js HTTP/1.1" 200 86927
INFO 2022-10-26 16:41:46,319 django.server Thread-54 2536 I:\django\gfvp\gfvp_env\lib\site-packages\django\core\servers\basehttp.py 179 log_message 13616 "GET /static/assets/vendor/chartist/dist/chartist.min.js HTTP/1.1" 200 40312
INFO 2022-10-26 16:41:46,327 django.server Thread-52 16508 I:\django\gfvp\gfvp_env\lib\site-packages\django\core\servers\basehttp.py 179 log_message 13616 "GET /static/assets/js/volt.js HTTP/1.1" 200 13782
INFO 2022-10-26 16:41:46,337 django.server Thread-50 10500 I:\django\gfvp\gfvp_env\lib\site-packages\django\core\servers\basehttp.py 179 log_message 13616 "GET /static/assets/css/volt.css HTTP/1.1" 200 519857
INFO 2022-10-26 16:41:46,366 django.server Thread-55 22848 I:\django\gfvp\gfvp_env\lib\site-packages\django\core\servers\basehttp.py 179 log_message 13616 "GET /static/assets/vendor/chartist-plugin-tooltips/dist/chartist-plugin-tooltip.min.js HTTP/1.1" 200 2977
INFO 2022-10-26 16:41:46,383 django.server Thread-52 16508 I:\django\gfvp\gfvp_env\lib\site-packages\django\core\servers\basehttp.py 179 log_message 13616 "GET /static/upload/site_image/gf_Artboard_12x.png HTTP/1.1" 200 26091
INFO 2022-10-26 16:41:46,390 django.server Thread-51 6552 I:\django\gfvp\gfvp_env\lib\site-packages\django\core\servers\basehttp.py 179 log_message 13616 "GET /static/debug_toolbar/css/toolbar.css HTTP/1.1" 200 11668
INFO 2022-10-26 16:41:46,393 django.server Thread-53 15992 I:\django\gfvp\gfvp_env\lib\site-packages\django\core\servers\basehttp.py 179 log_message 13616 "GET /static/assets/shippinglab-logo.svg HTTP/1.1" 200 10323
INFO 2022-10-26 16:41:46,460 django.server Thread-54 2536 I:\django\gfvp\gfvp_env\lib\site-packages\django\core\servers\basehttp.py 179 log_message 13616 "GET /static/new_logo.png HTTP/1.1" 200 113487
INFO 2022-10-26 16:41:46,518 django.server Thread-51 6552 I:\django\gfvp\gfvp_env\lib\site-packages\django\core\servers\basehttp.py 179 log_message 13616 "GET /static/upload/featured_image/2022/09/08/H.png HTTP/1.1" 200 9481
INFO 2022-10-26 16:41:46,530 django.server Thread-54 2536 I:\django\gfvp\gfvp_env\lib\site-packages\django\core\servers\basehttp.py 179 log_message 13616 "GET /static/upload/featured_image/2022/09/12/hole..PNG HTTP/1.1" 200 68359
INFO 2022-10-26 16:41:46,710 django.server Thread-51 6552 I:\django\gfvp\gfvp_env\lib\site-packages\django\core\servers\basehttp.py 179 log_message 13616 "GET /static/upload/featured_image/2022/07/30/OpenCart-Logo.wine.png HTTP/1.1" 200 31367
INFO 2022-10-26 16:41:46,727 django.server Thread-54 2536 I:\django\gfvp\gfvp_env\lib\site-packages\django\core\servers\basehttp.py 179 log_message 13616 "GET /static/guide/logo-02.png HTTP/1.1" 200 3890
INFO 2022-10-26 16:41:46,807 django.server Thread-54 2536 I:\django\gfvp\gfvp_env\lib\site-packages\django\core\servers\basehttp.py 179 log_message 13616 "GET /static/debug_toolbar/css/print.css HTTP/1.1" 200 43
INFO 2022-10-26 16:41:46,974 django.server Thread-51 6552 I:\django\gfvp\gfvp_env\lib\site-packages\django\core\servers\basehttp.py 179 log_message 13616 "GET /static/debug_toolbar/js/toolbar.js HTTP/1.1" 200 12222
INFO 2022-10-26 16:41:47,345 django.server Thread-51 6552 I:\django\gfvp\gfvp_env\lib\site-packages\django\core\servers\basehttp.py 179 log_message 13616 "GET /static/debug_toolbar/js/utils.js HTTP/1.1" 200 4479
INFO 2022-10-26 16:41:54,047 django.server Thread-50 10500 I:\django\gfvp\gfvp_env\lib\site-packages\django\core\servers\basehttp.py 179 log_message 13616 "GET /upload/usertype/biodiesel.png HTTP/1.1" 200 11536
INFO 2022-10-26 16:41:54,216 django.server Thread-52 16508 I:\django\gfvp\gfvp_env\lib\site-packages\django\core\servers\basehttp.py 179 log_message 13616 "GET /upload/usertype/5b1f9062e36e1_thumb900_baBsHBO.png HTTP/1.1" 200 72271
INFO 2022-10-26 16:41:54,314 django.server Thread-53 15992 I:\django\gfvp\gfvp_env\lib\site-packages\django\core\servers\basehttp.py 179 log_message 13616 "GET /upload/usertype/lab-scientist-icon.png HTTP/1.1" 200 78374
INFO 2022-10-26 16:41:54,318 django.server Thread-55 22848 I:\django\gfvp\gfvp_env\lib\site-packages\django\core\servers\basehttp.py 179 log_message 13616 "GET /upload/usertype/maniren.png HTTP/1.1" 200 53719
INFO 2022-10-26 16:41:57,594 django.server Thread-55 22848 I:\django\gfvp\gfvp_env\lib\site-packages\django\core\servers\basehttp.py 179 log_message 13616 "GET /upload/site_image/gf_Artboard_1.png HTTP/1.1" 200 11956
INFO 2022-10-26 16:41:57,722 django.server Thread-37 13064 I:\django\gfvp\gfvp_env\lib\site-packages\django\core\servers\basehttp.py 179 log_message 13616 "GET /seo/webmanifest/ HTTP/1.1" 200 651
INFO 2022-10-26 16:43:54,921 django.server Thread-55 22848 I:\django\gfvp\gfvp_env\lib\site-packages\django\core\servers\basehttp.py 179 log_message 13616 "GET / HTTP/1.1" 200 55803
INFO 2022-10-26 16:43:57,398 django.server Thread-37 13064 I:\django\gfvp\gfvp_env\lib\site-packages\django\core\servers\basehttp.py 179 log_message 13616 "GET /seo/webmanifest/ HTTP/1.1" 200 651
INFO 2022-10-26 16:44:06,142 django.server Thread-55 22848 I:\django\gfvp\gfvp_env\lib\site-packages\django\core\servers\basehttp.py 179 log_message 13616 "GET / HTTP/1.1" 200 55806
INFO 2022-10-26 16:44:08,632 django.server Thread-37 13064 I:\django\gfvp\gfvp_env\lib\site-packages\django\core\servers\basehttp.py 179 log_message 13616 "GET /seo/webmanifest/ HTTP/1.1" 200 651
INFO 2022-10-26 16:45:20,585 django.server Thread-55 22848 I:\django\gfvp\gfvp_env\lib\site-packages\django\core\servers\basehttp.py 179 log_message 13616 "GET / HTTP/1.1" 200 55841
INFO 2022-10-26 16:45:24,002 django.server Thread-37 13064 I:\django\gfvp\gfvp_env\lib\site-packages\django\core\servers\basehttp.py 179 log_message 13616 "GET /seo/webmanifest/ HTTP/1.1" 200 651
INFO 2022-10-26 16:46:06,072 django.server Thread-55 22848 I:\django\gfvp\gfvp_env\lib\site-packages\django\core\servers\basehttp.py 179 log_message 13616 "GET / HTTP/1.1" 200 55837
INFO 2022-10-26 16:46:08,416 django.server Thread-37 13064 I:\django\gfvp\gfvp_env\lib\site-packages\django\core\servers\basehttp.py 179 log_message 13616 "GET /seo/webmanifest/ HTTP/1.1" 200 651
INFO 2022-10-26 16:46:58,354 django.server Thread-55 22848 I:\django\gfvp\gfvp_env\lib\site-packages\django\core\servers\basehttp.py 179 log_message 13616 "GET / HTTP/1.1" 200 55930
INFO 2022-10-26 16:47:01,255 django.server Thread-37 13064 I:\django\gfvp\gfvp_env\lib\site-packages\django\core\servers\basehttp.py 179 log_message 13616 "GET /seo/webmanifest/ HTTP/1.1" 200 651
